<?xml version="1.0" encoding="UTF-8"?>
<!-- Generated by org.testng.reporters.JUnitReportReporter -->
<testsuite hostname="mayura" failures="0" tests="2" name="com.eq.test.LoginUITest" time="39.444" errors="0" timestamp="2025-09-15T19:41:08 IST" skipped="0">
  <testcase classname="com.eq.test.LoginUITest" name="headerTest" time="19.138"/>
  <testcase classname="com.eq.test.LoginUITest" name="titleTest" time="20.306"/>
</testsuite> <!-- com.eq.test.LoginUITest -->
