<?xml version="1.0" encoding="UTF-8"?>
<!-- Generated by org.testng.reporters.JUnitReportReporter -->
<testsuite hostname="mayura" failures="0" tests="1" name="com.eq.test.LoginTest" time="7.935" errors="0" timestamp="2025-09-16T16:56:01 IST" skipped="0">
  <testcase classname="com.eq.test.LoginTest" name="validLoginTest" time="7.935"/>
</testsuite> <!-- com.eq.test.LoginTest -->
