<?xml version="1.0" encoding="UTF-8"?>
<!-- Generated by org.testng.reporters.JUnitReportReporter -->
<testsuite hostname="mayura" failures="0" tests="2" name="com.eq.test.LoginTest" time="16.530" errors="0" timestamp="2025-09-16T17:08:51 IST" skipped="0">
  <testcase classname="com.eq.test.LoginTest" name="invalidLoginTest" time="8.642"/>
  <testcase classname="com.eq.test.LoginTest" name="validLoginTest" time="7.888"/>
</testsuite> <!-- com.eq.test.LoginTest -->
