<?xml version="1.0" encoding="UTF-8"?>
<!-- Generated by org.testng.reporters.JUnitReportReporter -->
<testsuite hostname="mayura" failures="0" tests="3" name="com.eq.test.LoginTest" time="26.248" errors="0" timestamp="2025-09-16T20:14:04 IST" skipped="0">
  <testcase classname="com.eq.test.LoginTest" name="validLoginTest" time="12.149"/>
  <testcase classname="com.eq.test.LoginTest" name="invalidLoginTest" time="5.901"/>
  <testcase classname="com.eq.test.LoginTest" name="invalidLoginTest" time="8.198"/>
</testsuite> <!-- com.eq.test.LoginTest -->
