<?xml version="1.0" encoding="UTF-8"?>
<!-- Generated by org.testng.reporters.JUnitReportReporter -->
<testsuite hostname="mayura" failures="0" tests="3" name="com.eq.test.ZDemo1Test" time="13.801" errors="0" timestamp="2025-09-16T19:29:12 IST" skipped="0">
  <testcase classname="com.eq.test.ZDemo1Test" name="demoLoginTest" time="8.125"/>
  <testcase classname="com.eq.test.ZDemo1Test" name="demoLoginTest" time="4.410"/>
  <testcase classname="com.eq.test.ZDemo1Test" name="demoLoginTest" time="1.266"/>
</testsuite> <!-- com.eq.test.ZDemo1Test -->
