<?xml version="1.0" encoding="UTF-8"?>
<!-- Generated by org.testng.reporters.JUnitReportReporter -->
<testsuite hostname="mayura" failures="0" tests="1" name="com.eq.test.LoginTest" time="8.246" errors="0" timestamp="2025-09-17T19:52:52 IST" skipped="0">
  <testcase classname="com.eq.test.LoginTest" name="validLoginTest" time="8.246"/>
</testsuite> <!-- com.eq.test.LoginTest -->
