<?xml version="1.0" encoding="UTF-8"?>
<!-- Generated by org.testng.reporters.JUnitReportReporter -->
<testsuite hostname="mayura" failures="0" tests="1" name="com.eq.test.LoginUITest" time="6.586" errors="0" timestamp="2025-09-16T20:11:27 IST" skipped="0">
  <testcase classname="com.eq.test.LoginUITest" name="titleTest" time="6.586"/>
</testsuite> <!-- com.eq.test.LoginUITest -->
