<?xml version="1.0" encoding="UTF-8"?>
<!-- Generated by org.testng.reporters.JUnitReportReporter -->
<testsuite hostname="mayura" failures="0" tests="1" name="com.eq.test.LoginTest" time="36.768" errors="0" timestamp="2025-09-17T18:29:50 IST" skipped="0">
  <testcase classname="com.eq.test.LoginTest" name="validLoginTest" time="36.768"/>
</testsuite> <!-- com.eq.test.LoginTest -->
